C:\Users\hongd\source\repos\OrderTruck\OrderTruck.Web\dist\out-tsc\e2e\app.po.js
C:\Users\hongd\source\repos\OrderTruck\OrderTruck.Web\dist\out-tsc\e2e\app.po.js.map
C:\Users\hongd\source\repos\OrderTruck\OrderTruck.Web\dist\out-tsc\e2e\app.e2e-spec.js
C:\Users\hongd\source\repos\OrderTruck\OrderTruck.Web\dist\out-tsc\e2e\app.e2e-spec.js.map
C:\Users\hongd\source\repos\OrderTruck\OrderTruck.Web\dist\out-tsc\src\app\hero\hero.js
C:\Users\hongd\source\repos\OrderTruck\OrderTruck.Web\dist\out-tsc\src\app\hero\hero.js.map
C:\Users\hongd\source\repos\OrderTruck\OrderTruck.Web\dist\out-tsc\src\app\hero\hero.service.js
C:\Users\hongd\source\repos\OrderTruck\OrderTruck.Web\dist\out-tsc\src\app\hero\hero.service.js.map
C:\Users\hongd\source\repos\OrderTruck\OrderTruck.Web\dist\out-tsc\src\app\dashboard\dashboard.component.js
C:\Users\hongd\source\repos\OrderTruck\OrderTruck.Web\dist\out-tsc\src\app\dashboard\dashboard.component.js.map
C:\Users\hongd\source\repos\OrderTruck\OrderTruck.Web\dist\out-tsc\src\app\hero\heroes.component.js
C:\Users\hongd\source\repos\OrderTruck\OrderTruck.Web\dist\out-tsc\src\app\hero\heroes.component.js.map
C:\Users\hongd\source\repos\OrderTruck\OrderTruck.Web\dist\out-tsc\src\app\hero\hero-detail.component.js
C:\Users\hongd\source\repos\OrderTruck\OrderTruck.Web\dist\out-tsc\src\app\hero\hero-detail.component.js.map
C:\Users\hongd\source\repos\OrderTruck\OrderTruck.Web\dist\out-tsc\src\app\app-routing.module.js
C:\Users\hongd\source\repos\OrderTruck\OrderTruck.Web\dist\out-tsc\src\app\app-routing.module.js.map
C:\Users\hongd\source\repos\OrderTruck\OrderTruck.Web\dist\out-tsc\src\app\app.component.js
C:\Users\hongd\source\repos\OrderTruck\OrderTruck.Web\dist\out-tsc\src\app\app.component.js.map
C:\Users\hongd\source\repos\OrderTruck\OrderTruck.Web\dist\out-tsc\src\app\hero\hero-search.service.js
C:\Users\hongd\source\repos\OrderTruck\OrderTruck.Web\dist\out-tsc\src\app\hero\hero-search.service.js.map
C:\Users\hongd\source\repos\OrderTruck\OrderTruck.Web\dist\out-tsc\src\app\hero\hero-search.component.js
C:\Users\hongd\source\repos\OrderTruck\OrderTruck.Web\dist\out-tsc\src\app\hero\hero-search.component.js.map
C:\Users\hongd\source\repos\OrderTruck\OrderTruck.Web\dist\out-tsc\src\app\app.module.js
C:\Users\hongd\source\repos\OrderTruck\OrderTruck.Web\dist\out-tsc\src\app\app.module.js.map
C:\Users\hongd\source\repos\OrderTruck\OrderTruck.Web\dist\out-tsc\src\environments\environment.js
C:\Users\hongd\source\repos\OrderTruck\OrderTruck.Web\dist\out-tsc\src\environments\environment.js.map
C:\Users\hongd\source\repos\OrderTruck\OrderTruck.Web\dist\out-tsc\src\main.js
C:\Users\hongd\source\repos\OrderTruck\OrderTruck.Web\dist\out-tsc\src\main.js.map
C:\Users\hongd\source\repos\OrderTruck\OrderTruck.Web\dist\out-tsc\src\polyfills.js
C:\Users\hongd\source\repos\OrderTruck\OrderTruck.Web\dist\out-tsc\src\polyfills.js.map
C:\Users\hongd\source\repos\OrderTruck\OrderTruck.Web\dist\out-tsc\src\test.js
C:\Users\hongd\source\repos\OrderTruck\OrderTruck.Web\dist\out-tsc\src\test.js.map
C:\Users\hongd\source\repos\OrderTruck\OrderTruck.Web\dist\out-tsc\src\app\app.component.spec.js
C:\Users\hongd\source\repos\OrderTruck\OrderTruck.Web\dist\out-tsc\src\app\app.component.spec.js.map
C:\Users\hongd\source\repos\OrderTruck\OrderTruck.Web\dist\out-tsc\src\app\home\home.component.js
C:\Users\hongd\source\repos\OrderTruck\OrderTruck.Web\dist\out-tsc\src\app\home\home.component.js.map
C:\Users\hongd\source\repos\OrderTruck\OrderTruck.Web\dist\out-tsc\src\app\app.routes.js
C:\Users\hongd\source\repos\OrderTruck\OrderTruck.Web\dist\out-tsc\src\app\app.routes.js.map
C:\Users\hongd\source\repos\OrderTruck\OrderTruck.Web\dist\out-tsc\src\app\rxjs-operators.js
C:\Users\hongd\source\repos\OrderTruck\OrderTruck.Web\dist\out-tsc\src\app\rxjs-operators.js.map
C:\Users\hongd\source\repos\OrderTruck\OrderTruck.Web\dist\out-tsc\src\environments\environment.prod.js
C:\Users\hongd\source\repos\OrderTruck\OrderTruck.Web\dist\out-tsc\src\environments\environment.prod.js.map
C:\Users\hongd\source\repos\OrderTruck\OrderTruck.Web\dist\out-tsc\src\app\shared\interfaces.js
C:\Users\hongd\source\repos\OrderTruck\OrderTruck.Web\dist\out-tsc\src\app\shared\interfaces.js.map
C:\Users\hongd\source\repos\OrderTruck\OrderTruck.Web\dist\out-tsc\src\app\shared\directives\highlight.directive.js
C:\Users\hongd\source\repos\OrderTruck\OrderTruck.Web\dist\out-tsc\src\app\shared\directives\highlight.directive.js.map
C:\Users\hongd\source\repos\OrderTruck\OrderTruck.Web\dist\out-tsc\src\app\shared\directives\mobile-hide.directive.js
C:\Users\hongd\source\repos\OrderTruck\OrderTruck.Web\dist\out-tsc\src\app\shared\directives\mobile-hide.directive.js.map
C:\Users\hongd\source\repos\OrderTruck\OrderTruck.Web\dist\out-tsc\src\app\shared\pipes\date-format.pipe.js
C:\Users\hongd\source\repos\OrderTruck\OrderTruck.Web\dist\out-tsc\src\app\shared\pipes\date-format.pipe.js.map
C:\Users\hongd\source\repos\OrderTruck\OrderTruck.Web\dist\out-tsc\src\app\shared\utils\items.service.js
C:\Users\hongd\source\repos\OrderTruck\OrderTruck.Web\dist\out-tsc\src\app\shared\utils\items.service.js.map
C:\Users\hongd\source\repos\OrderTruck\OrderTruck.Web\dist\out-tsc\src\app\shared\utils\config.service.js
C:\Users\hongd\source\repos\OrderTruck\OrderTruck.Web\dist\out-tsc\src\app\shared\utils\config.service.js.map
C:\Users\hongd\source\repos\OrderTruck\OrderTruck.Web\dist\out-tsc\src\app\shared\services\data.service.js
C:\Users\hongd\source\repos\OrderTruck\OrderTruck.Web\dist\out-tsc\src\app\shared\services\data.service.js.map
C:\Users\hongd\source\repos\OrderTruck\OrderTruck.Web\dist\out-tsc\src\app\shared\services\login-user.js
C:\Users\hongd\source\repos\OrderTruck\OrderTruck.Web\dist\out-tsc\src\app\shared\services\login-user.js.map
C:\Users\hongd\source\repos\OrderTruck\OrderTruck.Web\dist\out-tsc\src\app\shared\services\login.service.js
C:\Users\hongd\source\repos\OrderTruck\OrderTruck.Web\dist\out-tsc\src\app\shared\services\login.service.js.map
C:\Users\hongd\source\repos\OrderTruck\OrderTruck.Web\dist\out-tsc\src\app\shared\utils\lower-case-url-serializer.js
C:\Users\hongd\source\repos\OrderTruck\OrderTruck.Web\dist\out-tsc\src\app\shared\utils\lower-case-url-serializer.js.map
C:\Users\hongd\source\repos\OrderTruck\OrderTruck.Web\dist\out-tsc\src\app\shared\utils\mapping.service.js
C:\Users\hongd\source\repos\OrderTruck\OrderTruck.Web\dist\out-tsc\src\app\shared\utils\mapping.service.js.map
C:\Users\hongd\source\repos\OrderTruck\OrderTruck.Web\dist\out-tsc\src\app\shared\utils\notification.service.js
C:\Users\hongd\source\repos\OrderTruck\OrderTruck.Web\dist\out-tsc\src\app\shared\utils\notification.service.js.map
